# JRE version: Java(TM) SE Runtime Environment (8.0_321-b07) (build 1.8.0_321-b07)
# Java VM: Java HotSpot(TM) 64-Bit Server VM (25.321-b07 mixed mode windows-amd64 compressed oops)
Heap:
 PSYoungGen      total 138240K, used 91681K [0x00000000d5d80000, 0x00000000de980000, 0x0000000100000000)
  eden space 133120K, 68% used [0x00000000d5d80000,0x00000000db7085d8,0x00000000ddf80000)
  from space 5120K, 0% used [0x00000000ddf80000,0x00000000ddf80000,0x00000000de480000)
  to   space 5120K, 0% used [0x00000000de480000,0x00000000de480000,0x00000000de980000)
 ParOldGen       total 47616K, used 5779K [0x0000000081800000, 0x0000000084680000, 0x00000000d5d80000)
  object space 47616K, 12% used [0x0000000081800000,0x0000000081da4d00,0x0000000084680000)
 Metaspace       used 25438K, capacity 26494K, committed 26752K, reserved 1073152K
  class space    used 3422K, capacity 3675K, committed 3712K, reserved 1048576K
GC Heap History (10 events):
Event: 4.705 GC heap before
{Heap before GC invocations=2 (full 0):
 PSYoungGen      total 38400K, used 37660K [0x00000000d5d80000, 0x00000000da880000, 0x0000000100000000)
  eden space 33280K, 100% used [0x00000000d5d80000,0x00000000d7e00000,0x00000000d7e00000)
  from space 5120K, 85% used [0x00000000d7e00000,0x00000000d8247360,0x00000000d8300000)
  to   space 5120K, 0% used [0x00000000da380000,0x00000000da380000,0x00000000da880000)
 ParOldGen       total 87552K, used 16K [0x0000000081800000, 0x0000000086d80000, 0x00000000d5d80000)
  object space 87552K, 0% used [0x0000000081800000,0x0000000081804000,0x0000000086d80000)
 Metaspace       used 12876K, capacity 13226K, committed 13312K, reserved 1060864K
  class space    used 1589K, capacity 1711K, committed 1792K, reserved 1048576K
Event: 4.711 GC heap after
Heap after GC invocations=2 (full 0):
 PSYoungGen      total 71680K, used 5095K [0x00000000d5d80000, 0x00000000da880000, 0x0000000100000000)
  eden space 66560K, 0% used [0x00000000d5d80000,0x00000000d5d80000,0x00000000d9e80000)
  from space 5120K, 99% used [0x00000000da380000,0x00000000da879ce8,0x00000000da880000)
  to   space 5120K, 0% used [0x00000000d9e80000,0x00000000d9e80000,0x00000000da380000)
 ParOldGen       total 87552K, used 226K [0x0000000081800000, 0x0000000086d80000, 0x00000000d5d80000)
  object space 87552K, 0% used [0x0000000081800000,0x0000000081838b70,0x0000000086d80000)
 Metaspace       used 12876K, capacity 13226K, committed 13312K, reserved 1060864K
  class space    used 1589K, capacity 1711K, committed 1792K, reserved 1048576K
}
Event: 5.748 GC heap before
{Heap before GC invocations=3 (full 0):
 PSYoungGen      total 71680K, used 71655K [0x00000000d5d80000, 0x00000000da880000, 0x0000000100000000)
  eden space 66560K, 100% used [0x00000000d5d80000,0x00000000d9e80000,0x00000000d9e80000)
  from space 5120K, 99% used [0x00000000da380000,0x00000000da879ce8,0x00000000da880000)
  to   space 5120K, 0% used [0x00000000d9e80000,0x00000000d9e80000,0x00000000da380000)
 ParOldGen       total 87552K, used 226K [0x0000000081800000, 0x0000000086d80000, 0x00000000d5d80000)
  object space 87552K, 0% used [0x0000000081800000,0x0000000081838b70,0x0000000086d80000)
 Metaspace       used 16150K, capacity 16626K, committed 16896K, reserved 1064960K
  class space    used 2102K, capacity 2247K, committed 2304K, reserved 1048576K
Event: 5.767 GC heap after
Heap after GC invocations=3 (full 0):
 PSYoungGen      total 71680K, used 5114K [0x00000000d5d80000, 0x00000000de980000, 0x0000000100000000)
  eden space 66560K, 0% used [0x00000000d5d80000,0x00000000d5d80000,0x00000000d9e80000)
  from space 5120K, 99% used [0x00000000d9e80000,0x00000000da37ea70,0x00000000da380000)
  to   space 5120K, 0% used [0x00000000de480000,0x00000000de480000,0x00000000de980000)
 ParOldGen       total 87552K, used 2519K [0x0000000081800000, 0x0000000086d80000, 0x00000000d5d80000)
  object space 87552K, 2% used [0x0000000081800000,0x0000000081a75d40,0x0000000086d80000)
 Metaspace       used 16150K, capacity 16626K, committed 16896K, reserved 1064960K
  class space    used 2102K, capacity 2247K, committed 2304K, reserved 1048576K
}
Event: 7.183 GC heap before
{Heap before GC invocations=4 (full 0):
 PSYoungGen      total 71680K, used 71674K [0x00000000d5d80000, 0x00000000de980000, 0x0000000100000000)
  eden space 66560K, 100% used [0x00000000d5d80000,0x00000000d9e80000,0x00000000d9e80000)
  from space 5120K, 99% used [0x00000000d9e80000,0x00000000da37ea70,0x00000000da380000)
  to   space 5120K, 0% used [0x00000000de480000,0x00000000de480000,0x00000000de980000)
 ParOldGen       total 87552K, used 2519K [0x0000000081800000, 0x0000000086d80000, 0x00000000d5d80000)
  object space 87552K, 2% used [0x0000000081800000,0x0000000081a75d40,0x0000000086d80000)
 Metaspace       used 20193K, capacity 20970K, committed 21120K, reserved 1067008K
  class space    used 2700K, capacity 2919K, committed 2944K, reserved 1048576K
Event: 7.200 GC heap after
Heap after GC invocations=4 (full 0):
 PSYoungGen      total 138240K, used 5098K [0x00000000d5d80000, 0x00000000de980000, 0x0000000100000000)
  eden space 133120K, 0% used [0x00000000d5d80000,0x00000000d5d80000,0x00000000ddf80000)
  from space 5120K, 99% used [0x00000000de480000,0x00000000de97aa60,0x00000000de980000)
  to   space 5120K, 0% used [0x00000000ddf80000,0x00000000ddf80000,0x00000000de480000)
 ParOldGen       total 87552K, used 6803K [0x0000000081800000, 0x0000000086d80000, 0x00000000d5d80000)
  object space 87552K, 7% used [0x0000000081800000,0x0000000081ea4f20,0x0000000086d80000)
 Metaspace       used 20193K, capacity 20970K, committed 21120K, reserved 1067008K
  class space    used 2700K, capacity 2919K, committed 2944K, reserved 1048576K
}
Event: 7.230 GC heap before
{Heap before GC invocations=5 (full 0):
 PSYoungGen      total 138240K, used 13277K [0x00000000d5d80000, 0x00000000de980000, 0x0000000100000000)
  eden space 133120K, 6% used [0x00000000d5d80000,0x00000000d657c9f8,0x00000000ddf80000)
  from space 5120K, 99% used [0x00000000de480000,0x00000000de97aa60,0x00000000de980000)
  to   space 5120K, 0% used [0x00000000ddf80000,0x00000000ddf80000,0x00000000de480000)
 ParOldGen       total 87552K, used 6803K [0x0000000081800000, 0x0000000086d80000, 0x00000000d5d80000)
  object space 87552K, 7% used [0x0000000081800000,0x0000000081ea4f20,0x0000000086d80000)
 Metaspace       used 20498K, capacity 21222K, committed 21296K, reserved 1067008K
  class space    used 2748K, capacity 2937K, committed 2944K, reserved 1048576K
Event: 7.239 GC heap after
Heap after GC invocations=5 (full 0):
 PSYoungGen      total 138240K, used 5114K [0x00000000d5d80000, 0x00000000de980000, 0x0000000100000000)
  eden space 133120K, 0% used [0x00000000d5d80000,0x00000000d5d80000,0x00000000ddf80000)
  from space 5120K, 99% used [0x00000000ddf80000,0x00000000de47ea70,0x00000000de480000)
  to   space 5120K, 0% used [0x00000000de480000,0x00000000de480000,0x00000000de980000)
 ParOldGen       total 87552K, used 6957K [0x0000000081800000, 0x0000000086d80000, 0x00000000d5d80000)
  object space 87552K, 7% used [0x0000000081800000,0x0000000081ecb7b0,0x0000000086d80000)
 Metaspace       used 20498K, capacity 21222K, committed 21296K, reserved 1067008K
  class space    used 2748K, capacity 2937K, committed 2944K, reserved 1048576K
}
Event: 7.239 GC heap before
{Heap before GC invocations=6 (full 1):
 PSYoungGen      total 138240K, used 5114K [0x00000000d5d80000, 0x00000000de980000, 0x0000000100000000)
  eden space 133120K, 0% used [0x00000000d5d80000,0x00000000d5d80000,0x00000000ddf80000)
  from space 5120K, 99% used [0x00000000ddf80000,0x00000000de47ea70,0x00000000de480000)
  to   space 5120K, 0% used [0x00000000de480000,0x00000000de480000,0x00000000de980000)
 ParOldGen       total 87552K, used 6957K [0x0000000081800000, 0x0000000086d80000, 0x00000000d5d80000)
  object space 87552K, 7% used [0x0000000081800000,0x0000000081ecb7b0,0x0000000086d80000)
 Metaspace       used 20498K, capacity 21222K, committed 21296K, reserved 1067008K
  class space    used 2748K, capacity 2937K, committed 2944K, reserved 1048576K
Event: 7.290 GC heap after
Heap after GC invocations=6 (full 1):
 PSYoungGen      total 138240K, used 0K [0x00000000d5d80000, 0x00000000de980000, 0x0000000100000000)
  eden space 133120K, 0% used [0x00000000d5d80000,0x00000000d5d80000,0x00000000ddf80000)
  from space 5120K, 0% used [0x00000000ddf80000,0x00000000ddf80000,0x00000000de480000)
  to   space 5120K, 0% used [0x00000000de480000,0x00000000de480000,0x00000000de980000)
 ParOldGen       total 47616K, used 5779K [0x0000000081800000, 0x0000000084680000, 0x00000000d5d80000)
  object space 47616K, 12% used [0x0000000081800000,0x0000000081da4d00,0x0000000084680000)
 Metaspace       used 20496K, capacity 21216K, committed 21296K, reserved 1067008K
  class space    used 2747K, capacity 2936K, committed 2944K, reserved 1048576K
}

